# JRE version: Java(TM) SE Runtime Environment (8.0_144-b01) (build 1.8.0_144-b01)
# Java VM: Java HotSpot(TM) 64-Bit Server VM (25.144-b01 mixed mode windows-amd64 compressed oops)
Heap:
 PSYoungGen      total 473088K, used 399883K [0x000000066ab00000, 0x000000068d700000, 0x00000007c0000000)
  eden space 418816K, 88% used [0x000000066ab00000,0x00000006815de960,0x0000000684400000)
  from space 54272K, 52% used [0x0000000684400000,0x0000000685fa4390,0x0000000687900000)
  to   space 53248K, 0% used [0x000000068a300000,0x000000068a300000,0x000000068d700000)
 ParOldGen       total 134144K, used 103970K [0x00000003c0000000, 0x00000003c8300000, 0x000000066ab00000)
  object space 134144K, 77% used [0x00000003c0000000,0x00000003c6588a70,0x00000003c8300000)
 Metaspace       used 67437K, capacity 71270K, committed 71576K, reserved 1112064K
  class space    used 8971K, capacity 9792K, committed 9904K, reserved 1048576K
GC Heap History (10 events):
Event: 2146.344 GC heap before
{Heap before GC invocations=32 (full 3):
 PSYoungGen      total 379392K, used 359674K [0x000000066ab00000, 0x0000000684780000, 0x00000007c0000000)
  eden space 340480K, 100% used [0x000000066ab00000,0x000000067f780000,0x000000067f780000)
  from space 38912K, 49% used [0x0000000682180000,0x000000068343ea40,0x0000000684780000)
  to   space 40960K, 0% used [0x000000067f780000,0x000000067f780000,0x0000000681f80000)
 ParOldGen       total 134144K, used 103946K [0x00000003c0000000, 0x00000003c8300000, 0x000000066ab00000)
  object space 134144K, 77% used [0x00000003c0000000,0x00000003c6582a70,0x00000003c8300000)
 Metaspace       used 65756K, capacity 68748K, committed 68760K, reserved 1107968K
  class space    used 8728K, capacity 9388K, committed 9392K, reserved 1048576K
Event: 2146.376 GC heap after
Heap after GC invocations=32 (full 3):
 PSYoungGen      total 381440K, used 25376K [0x000000066ab00000, 0x0000000687580000, 0x00000007c0000000)
  eden space 340480K, 0% used [0x000000066ab00000,0x000000066ab00000,0x000000067f780000)
  from space 40960K, 61% used [0x000000067f780000,0x0000000681048380,0x0000000681f80000)
  to   space 41984K, 0% used [0x0000000684c80000,0x0000000684c80000,0x0000000687580000)
 ParOldGen       total 134144K, used 103954K [0x00000003c0000000, 0x00000003c8300000, 0x000000066ab00000)
  object space 134144K, 77% used [0x00000003c0000000,0x00000003c6584a70,0x00000003c8300000)
 Metaspace       used 65756K, capacity 68748K, committed 68760K, reserved 1107968K
  class space    used 8728K, capacity 9388K, committed 9392K, reserved 1048576K
}
Event: 5216.676 GC heap before
{Heap before GC invocations=33 (full 3):
 PSYoungGen      total 381440K, used 364863K [0x000000066ab00000, 0x0000000687580000, 0x00000007c0000000)
  eden space 340480K, 99% used [0x000000066ab00000,0x000000067f687bb8,0x000000067f780000)
  from space 40960K, 61% used [0x000000067f780000,0x0000000681048380,0x0000000681f80000)
  to   space 41984K, 0% used [0x0000000684c80000,0x0000000684c80000,0x0000000687580000)
 ParOldGen       total 134144K, used 103954K [0x00000003c0000000, 0x00000003c8300000, 0x000000066ab00000)
  object space 134144K, 77% used [0x00000003c0000000,0x00000003c6584a70,0x00000003c8300000)
 Metaspace       used 65981K, capacity 69040K, committed 69400K, reserved 1110016K
  class space    used 8733K, capacity 9394K, committed 9520K, reserved 1048576K
Event: 5216.998 GC heap after
Heap after GC invocations=33 (full 3):
 PSYoungGen      total 420352K, used 32986K [0x000000066ab00000, 0x0000000687580000, 0x00000007c0000000)
  eden space 378368K, 0% used [0x000000066ab00000,0x000000066ab00000,0x0000000681c80000)
  from space 41984K, 78% used [0x0000000684c80000,0x0000000686cb6bf8,0x0000000687580000)
  to   space 45568K, 0% used [0x0000000681c80000,0x0000000681c80000,0x0000000684900000)
 ParOldGen       total 134144K, used 103962K [0x00000003c0000000, 0x00000003c8300000, 0x000000066ab00000)
  object space 134144K, 77% used [0x00000003c0000000,0x00000003c6586a70,0x00000003c8300000)
 Metaspace       used 65981K, capacity 69040K, committed 69400K, reserved 1110016K
  class space    used 8733K, capacity 9394K, committed 9520K, reserved 1048576K
}
Event: 5222.537 GC heap before
{Heap before GC invocations=34 (full 3):
 PSYoungGen      total 420352K, used 411342K [0x000000066ab00000, 0x0000000687580000, 0x00000007c0000000)
  eden space 378368K, 99% used [0x000000066ab00000,0x0000000681c7ce00,0x0000000681c80000)
  from space 41984K, 78% used [0x0000000684c80000,0x0000000686cb6bf8,0x0000000687580000)
  to   space 45568K, 0% used [0x0000000681c80000,0x0000000681c80000,0x0000000684900000)
 ParOldGen       total 134144K, used 103962K [0x00000003c0000000, 0x00000003c8300000, 0x000000066ab00000)
  object space 134144K, 77% used [0x00000003c0000000,0x00000003c6586a70,0x00000003c8300000)
 Metaspace       used 66017K, capacity 69040K, committed 69400K, reserved 1110016K
  class space    used 8733K, capacity 9394K, committed 9520K, reserved 1048576K
Event: 5222.625 GC heap after
Heap after GC invocations=34 (full 3):
 PSYoungGen      total 423936K, used 42989K [0x000000066ab00000, 0x000000068ab80000, 0x00000007c0000000)
  eden space 378368K, 0% used [0x000000066ab00000,0x000000066ab00000,0x0000000681c80000)
  from space 45568K, 94% used [0x0000000681c80000,0x000000068467b6e0,0x0000000684900000)
  to   space 51712K, 0% used [0x0000000687900000,0x0000000687900000,0x000000068ab80000)
 ParOldGen       total 134144K, used 103962K [0x00000003c0000000, 0x00000003c8300000, 0x000000066ab00000)
  object space 134144K, 77% used [0x00000003c0000000,0x00000003c6586a70,0x00000003c8300000)
 Metaspace       used 66017K, capacity 69040K, committed 69400K, reserved 1110016K
  class space    used 8733K, capacity 9394K, committed 9520K, reserved 1048576K
}
Event: 5224.279 GC heap before
{Heap before GC invocations=35 (full 3):
 PSYoungGen      total 423936K, used 420888K [0x000000066ab00000, 0x000000068ab80000, 0x00000007c0000000)
  eden space 378368K, 99% used [0x000000066ab00000,0x0000000681c0aa50,0x0000000681c80000)
  from space 45568K, 94% used [0x0000000681c80000,0x000000068467b6e0,0x0000000684900000)
  to   space 51712K, 0% used [0x0000000687900000,0x0000000687900000,0x000000068ab80000)
 ParOldGen       total 134144K, used 103962K [0x00000003c0000000, 0x00000003c8300000, 0x000000066ab00000)
  object space 134144K, 77% used [0x00000003c0000000,0x00000003c6586a70,0x00000003c8300000)
 Metaspace       used 66045K, capacity 69104K, committed 69400K, reserved 1110016K
  class space    used 8733K, capacity 9394K, committed 9520K, reserved 1048576K
Event: 5224.337 GC heap after
Heap after GC invocations=35 (full 3):
 PSYoungGen      total 470528K, used 35852K [0x000000066ab00000, 0x000000068b880000, 0x00000007c0000000)
  eden space 418816K, 0% used [0x000000066ab00000,0x000000066ab00000,0x0000000684400000)
  from space 51712K, 69% used [0x0000000687900000,0x0000000689c03158,0x000000068ab80000)
  to   space 54272K, 0% used [0x0000000684400000,0x0000000684400000,0x0000000687900000)
 ParOldGen       total 134144K, used 103970K [0x00000003c0000000, 0x00000003c8300000, 0x000000066ab00000)
  object space 134144K, 77% used [0x00000003c0000000,0x00000003c6588a70,0x00000003c8300000)
 Metaspace       used 66045K, capacity 69104K, committed 69400K, reserved 1110016K
  class space    used 8733K, capacity 9394K, committed 9520K, reserved 1048576K
}
Event: 5229.380 GC heap before
{Heap before GC invocations=36 (full 3):
 PSYoungGen      total 470528K, used 454668K [0x000000066ab00000, 0x000000068b880000, 0x00000007c0000000)
  eden space 418816K, 100% used [0x000000066ab00000,0x0000000684400000,0x0000000684400000)
  from space 51712K, 69% used [0x0000000687900000,0x0000000689c03158,0x000000068ab80000)
  to   space 54272K, 0% used [0x0000000684400000,0x0000000684400000,0x0000000687900000)
 ParOldGen       total 134144K, used 103970K [0x00000003c0000000, 0x00000003c8300000, 0x000000066ab00000)
  object space 134144K, 77% used [0x00000003c0000000,0x00000003c6588a70,0x00000003c8300000)
 Metaspace       used 66049K, capacity 69104K, committed 69400K, reserved 1110016K
  class space    used 8733K, capacity 9394K, committed 9520K, reserved 1048576K
Event: 5229.428 GC heap after
Heap after GC invocations=36 (full 3):
 PSYoungGen      total 473088K, used 28304K [0x000000066ab00000, 0x000000068d700000, 0x00000007c0000000)
  eden space 418816K, 0% used [0x000000066ab00000,0x000000066ab00000,0x0000000684400000)
  from space 54272K, 52% used [0x0000000684400000,0x0000000685fa4390,0x0000000687900000)
  to   space 53248K, 0% used [0x000000068a300000,0x000000068a300000,0x000000068d700000)
 ParOldGen       total 134144K, used 103970K [0x00000003c0000000, 0x00000003c8300000, 0x000000066ab00000)
  object space 134144K, 77% used [0x00000003c0000000,0x00000003c6588a70,0x00000003c8300000)
 Metaspace       used 66049K, capacity 69104K, committed 69400K, reserved 1110016K
  class space    used 8733K, capacity 9394K, committed 9520K, reserved 1048576K
}

