# JRE version: Java(TM) SE Runtime Environment (8.0_144-b01) (build 1.8.0_144-b01)
# Java VM: Java HotSpot(TM) 64-Bit Server VM (25.144-b01 mixed mode windows-amd64 compressed oops)
Heap:
 PSYoungGen      total 115200K, used 45936K [0x000000066ab00000, 0x0000000674780000, 0x00000007c0000000)
  eden space 99328K, 32% used [0x000000066ab00000,0x000000066ca57848,0x0000000670c00000)
  from space 15872K, 87% used [0x0000000670c00000,0x00000006719849a8,0x0000000671b80000)
  to   space 17408K, 0% used [0x0000000673680000,0x0000000673680000,0x0000000674780000)
 ParOldGen       total 85504K, used 25579K [0x00000003c0000000, 0x00000003c5380000, 0x000000066ab00000)
  object space 85504K, 29% used [0x00000003c0000000,0x00000003c18fae20,0x00000003c5380000)
 Metaspace       used 51531K, capacity 53526K, committed 53800K, reserved 1095680K
  class space    used 7145K, capacity 7651K, committed 7728K, reserved 1048576K
GC Heap History (10 events):
Event: 16.437 GC heap before
{Heap before GC invocations=11 (full 2):
 PSYoungGen      total 76800K, used 9204K [0x000000066ab00000, 0x0000000671900000, 0x00000007c0000000)
  eden space 66560K, 0% used [0x000000066ab00000,0x000000066ab00000,0x000000066ec00000)
  from space 10240K, 89% used [0x000000066ec00000,0x000000066f4fd220,0x000000066f600000)
  to   space 11264K, 0% used [0x0000000670e00000,0x0000000670e00000,0x0000000671900000)
 ParOldGen       total 54272K, used 8102K [0x00000003c0000000, 0x00000003c3500000, 0x000000066ab00000)
  object space 54272K, 14% used [0x00000003c0000000,0x00000003c07e9b50,0x00000003c3500000)
 Metaspace       used 34881K, capacity 35420K, committed 35496K, reserved 1079296K
  class space    used 4862K, capacity 5038K, committed 5040K, reserved 1048576K
Event: 16.641 GC heap after
Heap after GC invocations=11 (full 2):
 PSYoungGen      total 76800K, used 0K [0x000000066ab00000, 0x0000000671900000, 0x00000007c0000000)
  eden space 66560K, 0% used [0x000000066ab00000,0x000000066ab00000,0x000000066ec00000)
  from space 10240K, 0% used [0x000000066ec00000,0x000000066ec00000,0x000000066f600000)
  to   space 11264K, 0% used [0x0000000670e00000,0x0000000670e00000,0x0000000671900000)
 ParOldGen       total 85504K, used 15593K [0x00000003c0000000, 0x00000003c5380000, 0x000000066ab00000)
  object space 85504K, 18% used [0x00000003c0000000,0x00000003c0f3a420,0x00000003c5380000)
 Metaspace       used 34881K, capacity 35420K, committed 35496K, reserved 1079296K
  class space    used 4862K, capacity 5038K, committed 5040K, reserved 1048576K
}
Event: 18.747 GC heap before
{Heap before GC invocations=12 (full 2):
 PSYoungGen      total 76800K, used 66560K [0x000000066ab00000, 0x0000000671900000, 0x00000007c0000000)
  eden space 66560K, 100% used [0x000000066ab00000,0x000000066ec00000,0x000000066ec00000)
  from space 10240K, 0% used [0x000000066ec00000,0x000000066ec00000,0x000000066f600000)
  to   space 11264K, 0% used [0x0000000670e00000,0x0000000670e00000,0x0000000671900000)
 ParOldGen       total 85504K, used 15593K [0x00000003c0000000, 0x00000003c5380000, 0x000000066ab00000)
  object space 85504K, 18% used [0x00000003c0000000,0x00000003c0f3a420,0x00000003c5380000)
 Metaspace       used 38425K, capacity 39080K, committed 39336K, reserved 1083392K
  class space    used 5278K, capacity 5476K, committed 5552K, reserved 1048576K
Event: 18.768 GC heap after
Heap after GC invocations=12 (full 2):
 PSYoungGen      total 90112K, used 6771K [0x000000066ab00000, 0x0000000671500000, 0x00000007c0000000)
  eden space 82944K, 0% used [0x000000066ab00000,0x000000066ab00000,0x000000066fc00000)
  from space 7168K, 94% used [0x0000000670e00000,0x000000067149cec0,0x0000000671500000)
  to   space 10752K, 0% used [0x0000000670000000,0x0000000670000000,0x0000000670a80000)
 ParOldGen       total 85504K, used 15601K [0x00000003c0000000, 0x00000003c5380000, 0x000000066ab00000)
  object space 85504K, 18% used [0x00000003c0000000,0x00000003c0f3c420,0x00000003c5380000)
 Metaspace       used 38425K, capacity 39080K, committed 39336K, reserved 1083392K
  class space    used 5278K, capacity 5476K, committed 5552K, reserved 1048576K
}
Event: 24.229 GC heap before
{Heap before GC invocations=13 (full 2):
 PSYoungGen      total 90112K, used 89715K [0x000000066ab00000, 0x0000000671500000, 0x00000007c0000000)
  eden space 82944K, 100% used [0x000000066ab00000,0x000000066fc00000,0x000000066fc00000)
  from space 7168K, 94% used [0x0000000670e00000,0x000000067149cec0,0x0000000671500000)
  to   space 10752K, 0% used [0x0000000670000000,0x0000000670000000,0x0000000670a80000)
 ParOldGen       total 85504K, used 15601K [0x00000003c0000000, 0x00000003c5380000, 0x000000066ab00000)
  object space 85504K, 18% used [0x00000003c0000000,0x00000003c0f3c420,0x00000003c5380000)
 Metaspace       used 41047K, capacity 42352K, committed 42536K, reserved 1085440K
  class space    used 5714K, capacity 6082K, committed 6192K, reserved 1048576K
Event: 24.261 GC heap after
Heap after GC invocations=13 (full 2):
 PSYoungGen      total 97792K, used 10732K [0x000000066ab00000, 0x0000000672880000, 0x00000007c0000000)
  eden space 87040K, 0% used [0x000000066ab00000,0x000000066ab00000,0x0000000670000000)
  from space 10752K, 99% used [0x0000000670000000,0x0000000670a7b2f0,0x0000000670a80000)
  to   space 13312K, 0% used [0x0000000671b80000,0x0000000671b80000,0x0000000672880000)
 ParOldGen       total 85504K, used 19191K [0x00000003c0000000, 0x00000003c5380000, 0x000000066ab00000)
  object space 85504K, 22% used [0x00000003c0000000,0x00000003c12bdc60,0x00000003c5380000)
 Metaspace       used 41047K, capacity 42352K, committed 42536K, reserved 1085440K
  class space    used 5714K, capacity 6082K, committed 6192K, reserved 1048576K
}
Event: 27.550 GC heap before
{Heap before GC invocations=14 (full 2):
 PSYoungGen      total 97792K, used 97772K [0x000000066ab00000, 0x0000000672880000, 0x00000007c0000000)
  eden space 87040K, 100% used [0x000000066ab00000,0x0000000670000000,0x0000000670000000)
  from space 10752K, 99% used [0x0000000670000000,0x0000000670a7b2f0,0x0000000670a80000)
  to   space 13312K, 0% used [0x0000000671b80000,0x0000000671b80000,0x0000000672880000)
 ParOldGen       total 85504K, used 19191K [0x00000003c0000000, 0x00000003c5380000, 0x000000066ab00000)
  object space 85504K, 22% used [0x00000003c0000000,0x00000003c12bdc60,0x00000003c5380000)
 Metaspace       used 46942K, capacity 48266K, committed 48424K, reserved 1091584K
  class space    used 6475K, capacity 6865K, committed 6960K, reserved 1048576K
Event: 27.610 GC heap after
Heap after GC invocations=14 (full 2):
 PSYoungGen      total 112640K, used 13299K [0x000000066ab00000, 0x0000000673480000, 0x00000007c0000000)
  eden space 99328K, 0% used [0x000000066ab00000,0x000000066ab00000,0x0000000670c00000)
  from space 13312K, 99% used [0x0000000671b80000,0x000000067287ccd8,0x0000000672880000)
  to   space 15872K, 0% used [0x0000000670c00000,0x0000000670c00000,0x0000000671b80000)
 ParOldGen       total 85504K, used 21363K [0x00000003c0000000, 0x00000003c5380000, 0x000000066ab00000)
  object space 85504K, 24% used [0x00000003c0000000,0x00000003c14dcf68,0x00000003c5380000)
 Metaspace       used 46942K, capacity 48266K, committed 48424K, reserved 1091584K
  class space    used 6475K, capacity 6865K, committed 6960K, reserved 1048576K
}
Event: 29.807 GC heap before
{Heap before GC invocations=15 (full 2):
 PSYoungGen      total 112640K, used 112627K [0x000000066ab00000, 0x0000000673480000, 0x00000007c0000000)
  eden space 99328K, 100% used [0x000000066ab00000,0x0000000670c00000,0x0000000670c00000)
  from space 13312K, 99% used [0x0000000671b80000,0x000000067287ccd8,0x0000000672880000)
  to   space 15872K, 0% used [0x0000000670c00000,0x0000000670c00000,0x0000000671b80000)
 ParOldGen       total 85504K, used 21363K [0x00000003c0000000, 0x00000003c5380000, 0x000000066ab00000)
  object space 85504K, 24% used [0x00000003c0000000,0x00000003c14dcf68,0x00000003c5380000)
 Metaspace       used 49578K, capacity 51342K, committed 51624K, reserved 1093632K
  class space    used 6838K, capacity 7291K, committed 7344K, reserved 1048576K
Event: 29.843 GC heap after
Heap after GC invocations=15 (full 2):
 PSYoungGen      total 115200K, used 13842K [0x000000066ab00000, 0x0000000674780000, 0x00000007c0000000)
  eden space 99328K, 0% used [0x000000066ab00000,0x000000066ab00000,0x0000000670c00000)
  from space 15872K, 87% used [0x0000000670c00000,0x00000006719849a8,0x0000000671b80000)
  to   space 17408K, 0% used [0x0000000673680000,0x0000000673680000,0x0000000674780000)
 ParOldGen       total 85504K, used 25579K [0x00000003c0000000, 0x00000003c5380000, 0x000000066ab00000)
  object space 85504K, 29% used [0x00000003c0000000,0x00000003c18fae20,0x00000003c5380000)
 Metaspace       used 49578K, capacity 51342K, committed 51624K, reserved 1093632K
  class space    used 6838K, capacity 7291K, committed 7344K, reserved 1048576K
}

