# JRE version: Java(TM) SE Runtime Environment (8.0_144-b01) (build 1.8.0_144-b01)
# Java VM: Java HotSpot(TM) 64-Bit Server VM (25.144-b01 mixed mode windows-amd64 compressed oops)
Heap:
 PSYoungGen      total 119296K, used 57000K [0x00000000daf80000, 0x00000000eb280000, 0x0000000100000000)
  eden space 114688K, 49% used [0x00000000daf80000,0x00000000de72a248,0x00000000e1f80000)
  from space 4608K, 0% used [0x00000000e1f80000,0x00000000e1f80000,0x00000000e2400000)
  to   space 27648K, 0% used [0x00000000e9780000,0x00000000e9780000,0x00000000eb280000)
 ParOldGen       total 93184K, used 27960K [0x0000000090e00000, 0x0000000096900000, 0x00000000daf80000)
  object space 93184K, 30% used [0x0000000090e00000,0x000000009294e148,0x0000000096900000)
 Metaspace       used 12957K, capacity 13414K, committed 19632K, reserved 1064960K
  class space    used 1765K, capacity 1914K, committed 3840K, reserved 1048576K
GC Heap History (10 events):
Event: 4.844 GC heap before
{Heap before GC invocations=3 (full 0):
 PSYoungGen      total 61952K, used 61924K [0x00000000daf80000, 0x00000000df080000, 0x0000000100000000)
  eden space 57344K, 100% used [0x00000000daf80000,0x00000000de780000,0x00000000de780000)
  from space 4608K, 99% used [0x00000000dec00000,0x00000000df0792f8,0x00000000df080000)
  to   space 4608K, 0% used [0x00000000de780000,0x00000000de780000,0x00000000dec00000)
 ParOldGen       total 76800K, used 9350K [0x0000000090e00000, 0x0000000095900000, 0x00000000daf80000)
  object space 76800K, 12% used [0x0000000090e00000,0x0000000091721ad8,0x0000000095900000)
 Metaspace       used 20523K, capacity 21180K, committed 21296K, reserved 1067008K
  class space    used 3540K, capacity 3708K, committed 3712K, reserved 1048576K
Event: 4.871 GC heap after
Heap after GC invocations=3 (full 0):
 PSYoungGen      total 61952K, used 4596K [0x00000000daf80000, 0x00000000e2880000, 0x0000000100000000)
  eden space 57344K, 0% used [0x00000000daf80000,0x00000000daf80000,0x00000000de780000)
  from space 4608K, 99% used [0x00000000de780000,0x00000000debfd040,0x00000000dec00000)
  to   space 4608K, 0% used [0x00000000e2400000,0x00000000e2400000,0x00000000e2880000)
 ParOldGen       total 76800K, used 18324K [0x0000000090e00000, 0x0000000095900000, 0x00000000daf80000)
  object space 76800K, 23% used [0x0000000090e00000,0x0000000091fe5128,0x0000000095900000)
 Metaspace       used 20523K, capacity 21180K, committed 21296K, reserved 1067008K
  class space    used 3540K, capacity 3708K, committed 3712K, reserved 1048576K
}
Event: 4.914 GC heap before
{Heap before GC invocations=4 (full 0):
 PSYoungGen      total 61952K, used 5732K [0x00000000daf80000, 0x00000000e2880000, 0x0000000100000000)
  eden space 57344K, 1% used [0x00000000daf80000,0x00000000db09c098,0x00000000de780000)
  from space 4608K, 99% used [0x00000000de780000,0x00000000debfd040,0x00000000dec00000)
  to   space 4608K, 0% used [0x00000000e2400000,0x00000000e2400000,0x00000000e2880000)
 ParOldGen       total 76800K, used 18324K [0x0000000090e00000, 0x0000000095900000, 0x00000000daf80000)
  object space 76800K, 23% used [0x0000000090e00000,0x0000000091fe5128,0x0000000095900000)
 Metaspace       used 20619K, capacity 21244K, committed 21296K, reserved 1067008K
  class space    used 3560K, capacity 3708K, committed 3712K, reserved 1048576K
Event: 4.926 GC heap after
Heap after GC invocations=4 (full 0):
 PSYoungGen      total 119296K, used 3780K [0x00000000daf80000, 0x00000000e2880000, 0x0000000100000000)
  eden space 114688K, 0% used [0x00000000daf80000,0x00000000daf80000,0x00000000e1f80000)
  from space 4608K, 82% used [0x00000000e2400000,0x00000000e27b1050,0x00000000e2880000)
  to   space 4608K, 0% used [0x00000000e1f80000,0x00000000e1f80000,0x00000000e2400000)
 ParOldGen       total 76800K, used 18324K [0x0000000090e00000, 0x0000000095900000, 0x00000000daf80000)
  object space 76800K, 23% used [0x0000000090e00000,0x0000000091fe5128,0x0000000095900000)
 Metaspace       used 20619K, capacity 21244K, committed 21296K, reserved 1067008K
  class space    used 3560K, capacity 3708K, committed 3712K, reserved 1048576K
}
Event: 4.926 GC heap before
{Heap before GC invocations=5 (full 1):
 PSYoungGen      total 119296K, used 3780K [0x00000000daf80000, 0x00000000e2880000, 0x0000000100000000)
  eden space 114688K, 0% used [0x00000000daf80000,0x00000000daf80000,0x00000000e1f80000)
  from space 4608K, 82% used [0x00000000e2400000,0x00000000e27b1050,0x00000000e2880000)
  to   space 4608K, 0% used [0x00000000e1f80000,0x00000000e1f80000,0x00000000e2400000)
 ParOldGen       total 76800K, used 18324K [0x0000000090e00000, 0x0000000095900000, 0x00000000daf80000)
  object space 76800K, 23% used [0x0000000090e00000,0x0000000091fe5128,0x0000000095900000)
 Metaspace       used 20619K, capacity 21244K, committed 21296K, reserved 1067008K
  class space    used 3560K, capacity 3708K, committed 3712K, reserved 1048576K
Event: 4.978 GC heap after
Heap after GC invocations=5 (full 1):
 PSYoungGen      total 119296K, used 0K [0x00000000daf80000, 0x00000000e2880000, 0x0000000100000000)
  eden space 114688K, 0% used [0x00000000daf80000,0x00000000daf80000,0x00000000e1f80000)
  from space 4608K, 0% used [0x00000000e2400000,0x00000000e2400000,0x00000000e2880000)
  to   space 4608K, 0% used [0x00000000e1f80000,0x00000000e1f80000,0x00000000e2400000)
 ParOldGen       total 44032K, used 2949K [0x0000000090e00000, 0x0000000093900000, 0x00000000daf80000)
  object space 44032K, 6% used [0x0000000090e00000,0x00000000910e1560,0x0000000093900000)
 Metaspace       used 9236K, capacity 9348K, committed 19248K, reserved 1064960K
  class space    used 1211K, capacity 1240K, committed 3712K, reserved 1048576K
}
Event: 7.707 GC heap before
{Heap before GC invocations=6 (full 1):
 PSYoungGen      total 119296K, used 114688K [0x00000000daf80000, 0x00000000e2880000, 0x0000000100000000)
  eden space 114688K, 100% used [0x00000000daf80000,0x00000000e1f80000,0x00000000e1f80000)
  from space 4608K, 0% used [0x00000000e2400000,0x00000000e2400000,0x00000000e2880000)
  to   space 4608K, 0% used [0x00000000e1f80000,0x00000000e1f80000,0x00000000e2400000)
 ParOldGen       total 44032K, used 2949K [0x0000000090e00000, 0x0000000093900000, 0x00000000daf80000)
  object space 44032K, 6% used [0x0000000090e00000,0x00000000910e1560,0x0000000093900000)
 Metaspace       used 16662K, capacity 17626K, committed 19632K, reserved 1064960K
  class space    used 2458K, capacity 2718K, committed 3840K, reserved 1048576K
Event: 7.750 GC heap after
Heap after GC invocations=6 (full 1):
 PSYoungGen      total 119296K, used 4593K [0x00000000daf80000, 0x00000000eb280000, 0x0000000100000000)
  eden space 114688K, 0% used [0x00000000daf80000,0x00000000daf80000,0x00000000e1f80000)
  from space 4608K, 99% used [0x00000000e1f80000,0x00000000e23fc7b8,0x00000000e2400000)
  to   space 27648K, 0% used [0x00000000e9780000,0x00000000e9780000,0x00000000eb280000)
 ParOldGen       total 44032K, used 26715K [0x0000000090e00000, 0x0000000093900000, 0x00000000daf80000)
  object space 44032K, 60% used [0x0000000090e00000,0x0000000092816de8,0x0000000093900000)
 Metaspace       used 16662K, capacity 17626K, committed 19632K, reserved 1064960K
  class space    used 2458K, capacity 2718K, committed 3840K, reserved 1048576K
}
Event: 7.750 GC heap before
{Heap before GC invocations=7 (full 2):
 PSYoungGen      total 119296K, used 4593K [0x00000000daf80000, 0x00000000eb280000, 0x0000000100000000)
  eden space 114688K, 0% used [0x00000000daf80000,0x00000000daf80000,0x00000000e1f80000)
  from space 4608K, 99% used [0x00000000e1f80000,0x00000000e23fc7b8,0x00000000e2400000)
  to   space 27648K, 0% used [0x00000000e9780000,0x00000000e9780000,0x00000000eb280000)
 ParOldGen       total 44032K, used 26715K [0x0000000090e00000, 0x0000000093900000, 0x00000000daf80000)
  object space 44032K, 60% used [0x0000000090e00000,0x0000000092816de8,0x0000000093900000)
 Metaspace       used 16662K, capacity 17626K, committed 19632K, reserved 1064960K
  class space    used 2458K, capacity 2718K, committed 3840K, reserved 1048576K
Event: 7.877 GC heap after
Heap after GC invocations=7 (full 2):
 PSYoungGen      total 119296K, used 0K [0x00000000daf80000, 0x00000000eb280000, 0x0000000100000000)
  eden space 114688K, 0% used [0x00000000daf80000,0x00000000daf80000,0x00000000e1f80000)
  from space 4608K, 0% used [0x00000000e1f80000,0x00000000e1f80000,0x00000000e2400000)
  to   space 27648K, 0% used [0x00000000e9780000,0x00000000e9780000,0x00000000eb280000)
 ParOldGen       total 93184K, used 27960K [0x0000000090e00000, 0x0000000096900000, 0x00000000daf80000)
  object space 93184K, 30% used [0x0000000090e00000,0x000000009294e148,0x0000000096900000)
 Metaspace       used 8584K, capacity 8694K, committed 19632K, reserved 1064960K
  class space    used 1081K, capacity 1106K, committed 3840K, reserved 1048576K
}

